Build started 16/02/2015 17:36:54.
     1>Project "C:\Users\pierre.lemarchand\Desktop\git\Exercice 1\_minecraft\base\base.vcxproj" on node 2 (Build target(s)).
     1>ClCompile:
         C:\Program Files (x86)\Microsoft Visual Studio 12.0\VC\bin\CL.exe /c /I../src /I../src/external /I../../_engine/src /I../../_engine/src/external /I../../_engine/src/external/bullet/src /ZI /nologo /W3 /WX- /Od /Oy- /D LOG_FILE /D WIN32 /D _DEBUG /D _WINDOWS /D _CRT_SECURE_NO_WARNINGS /D TETLIBRARY /D _UNICODE /D UNICODE /Gm /EHsc /RTC1 /MDd /GS /fp:precise /Zc:wchar_t /Zc:forScope /Fo"Debug\\" /Fd"Debug\vc120.pdb" /Gd /TP /analyze- /errorReport:prompt ..\src\main.cpp
         main.cpp
     1>c:\users\pierre.lemarchand\desktop\git\exercice 1\_engine\src\engine\utils\ny_utils.h(25): warning C4005: 'NAN' : macro redefinition
                 c:\program files (x86)\microsoft visual studio 12.0\vc\include\math.h(106) : see previous definition of 'NAN'
     1>c:\users\pierre.lemarchand\desktop\git\exercice 1\_minecraft\src\main.cpp(122): warning C4305: 'initializing' : truncation from 'double' to 'GLfloat'
     1>c:\users\pierre.lemarchand\desktop\git\exercice 1\_minecraft\src\main.cpp(123): warning C4305: 'initializing' : truncation from 'double' to 'GLfloat'
     1>c:\users\pierre.lemarchand\desktop\git\exercice 1\_minecraft\src\main.cpp(125): warning C4305: 'initializing' : truncation from 'double' to 'GLfloat'
     1>c:\users\pierre.lemarchand\desktop\git\exercice 1\_minecraft\src\main.cpp(126): warning C4305: 'initializing' : truncation from 'double' to 'GLfloat'
     1>c:\users\pierre.lemarchand\desktop\git\exercice 1\_minecraft\src\main.cpp(128): warning C4305: 'initializing' : truncation from 'double' to 'GLfloat'
     1>c:\users\pierre.lemarchand\desktop\git\exercice 1\_minecraft\src\main.cpp(129): warning C4305: 'initializing' : truncation from 'double' to 'GLfloat'
     1>c:\users\pierre.lemarchand\desktop\git\exercice 1\_minecraft\src\main.cpp(131): warning C4305: 'initializing' : truncation from 'double' to 'GLfloat'
     1>c:\users\pierre.lemarchand\desktop\git\exercice 1\_minecraft\src\main.cpp(132): warning C4305: 'initializing' : truncation from 'double' to 'GLfloat'
     1>c:\users\pierre.lemarchand\desktop\git\exercice 1\_minecraft\src\main.cpp(141): warning C4305: 'initializing' : truncation from 'double' to 'float'
     1>c:\users\pierre.lemarchand\desktop\git\exercice 1\_minecraft\src\main.cpp(400): warning C4244: 'argument' : conversion from 'int' to 'float', possible loss of data
       Link:
         C:\Program Files (x86)\Microsoft Visual Studio 12.0\VC\bin\link.exe /ERRORREPORT:PROMPT /OUT:"C:\Users\pierre.lemarchand\Desktop\git\Exercice 1\_minecraft\Debug\base.exe" /INCREMENTAL /NOLOGO /LIBPATH:../lib /LIBPATH:../../_engine/lib libpng16.lib libcurl.lib openal32.lib alut_d.lib glew32.lib freeglut.lib Kernel32.lib Psapi.lib kernel32.lib user32.lib gdi32.lib winspool.lib comdlg32.lib advapi32.lib shell32.lib ole32.lib oleaut32.lib uuid.lib odbc32.lib odbccp32.lib /MANIFEST /MANIFESTUAC:"level='asInvoker' uiAccess='false'" /manifest:embed /DEBUG /PDB:"C:\Users\pierre.lemarchand\Desktop\git\Exercice 1\_minecraft\Debug\base.pdb" /SUBSYSTEM:CONSOLE /TLBID:1 /DYNAMICBASE /NXCOMPAT /IMPLIB:"C:\Users\pierre.lemarchand\Desktop\git\Exercice 1\_minecraft\Debug\base.lib" /MACHINE:X86 /SAFESEH Debug\log.obj
         Debug\renderer.obj
         Debug\main.obj
     1>log.obj : warning LNK4075: ignoring '/EDITANDCONTINUE' due to '/SAFESEH' specification
         base.vcxproj -> C:\Users\pierre.lemarchand\Desktop\git\Exercice 1\_minecraft\Debug\base.exe
     1>Done Building Project "C:\Users\pierre.lemarchand\Desktop\git\Exercice 1\_minecraft\base\base.vcxproj" (Build target(s)).

Build succeeded.

Time Elapsed 00:00:01.04
